Library/Bee/Android/Prj/IL2CPP/Gradle/launcher/build/intermediates/manifest_merge_blame_file/release/manifest-merger-blame-release-report.txt
1<?xml version="1.0" encoding="utf-8"?>
2<manifest xmlns:android="http://schemas.android.com/apk/res/android"
3    package="com.DefaultCompany.FFTVISUALISER"
4    android:installLocation="preferExternal"
5    android:versionCode="1"
6    android:versionName="0.1" >
7
8    <uses-sdk
9        android:minSdkVersion="23"
9-->src/main/AndroidManifest.xml
10        android:targetSdkVersion="32" />
10-->src/main/AndroidManifest.xml
11
12    <supports-screens
12-->src/main/AndroidManifest.xml:4:3-163
13        android:anyDensity="true"
13-->src/main/AndroidManifest.xml:4:135-160
14        android:largeScreens="true"
14-->src/main/AndroidManifest.xml:4:78-105
15        android:normalScreens="true"
15-->src/main/AndroidManifest.xml:4:49-77
16        android:smallScreens="true"
16-->src/main/AndroidManifest.xml:4:21-48
17        android:xlargeScreens="true" />
17-->src/main/AndroidManifest.xml:4:106-134
18
19    <uses-feature android:glEsVersion="0x00030000" />
19-->[:unityLibrary] AndroidManifest.xml:11:5-54
19-->[:unityLibrary] AndroidManifest.xml:11:19-51
20    <uses-feature
20-->[:unityLibrary] AndroidManifest.xml:12:5-14:36
21        android:name="android.hardware.touchscreen"
21-->[:unityLibrary] AndroidManifest.xml:13:9-52
22        android:required="false" />
22-->[:unityLibrary] AndroidManifest.xml:14:9-33
23    <uses-feature
23-->[:unityLibrary] AndroidManifest.xml:15:5-18:31
24        android:name="android.hardware.vr.headtracking"
24-->[:unityLibrary] AndroidManifest.xml:16:9-56
25        android:required="true"
25-->[:unityLibrary] AndroidManifest.xml:17:9-32
26        android:version="1" />
26-->[:unityLibrary] AndroidManifest.xml:18:9-28
27
28    <application
28-->src/main/AndroidManifest.xml:3:3-83
29        android:extractNativeLibs="true"
29-->[:unityLibrary] AndroidManifest.xml:20:18-50
30        android:icon="@mipmap/app_icon"
30-->src/main/AndroidManifest.xml:3:49-80
31        android:label="@string/app_name" >
31-->src/main/AndroidManifest.xml:3:16-48
32        <meta-data
32-->[:unityLibrary] AndroidManifest.xml:21:9-23:33
33            android:name="unity.splash-mode"
33-->[:unityLibrary] AndroidManifest.xml:22:13-45
34            android:value="0" />
34-->[:unityLibrary] AndroidManifest.xml:23:13-30
35        <meta-data
35-->[:unityLibrary] AndroidManifest.xml:24:9-26:36
36            android:name="unity.splash-enable"
36-->[:unityLibrary] AndroidManifest.xml:25:13-47
37            android:value="True" />
37-->[:unityLibrary] AndroidManifest.xml:26:13-33
38        <meta-data
38-->[:unityLibrary] AndroidManifest.xml:27:9-29:36
39            android:name="unity.launch-fullscreen"
39-->[:unityLibrary] AndroidManifest.xml:28:13-51
40            android:value="True" />
40-->[:unityLibrary] AndroidManifest.xml:29:13-33
41        <meta-data
41-->[:unityLibrary] AndroidManifest.xml:30:9-32:50
42            android:name="notch.config"
42-->[:unityLibrary] AndroidManifest.xml:31:13-40
43            android:value="portrait|landscape" />
43-->[:unityLibrary] AndroidManifest.xml:32:13-47
44        <meta-data
44-->[:unityLibrary] AndroidManifest.xml:33:9-35:36
45            android:name="unity.auto-report-fully-drawn"
45-->[:unityLibrary] AndroidManifest.xml:34:13-57
46            android:value="true" />
46-->[:unityLibrary] AndroidManifest.xml:35:13-33
47
48        <activity
48-->[:unityLibrary] AndroidManifest.xml:37:9-63:20
49            android:name="com.unity3d.player.UnityPlayerActivity"
49-->[:unityLibrary] AndroidManifest.xml:38:13-66
50            android:configChanges="keyboard|keyboardHidden|navigation|orientation|screenLayout|screenSize|uiMode"
50-->[:unityLibrary] AndroidManifest.xml:39:13-114
51            android:exported="true"
51-->[:unityLibrary] AndroidManifest.xml:40:13-36
52            android:hardwareAccelerated="false"
52-->[:unityLibrary] AndroidManifest.xml:41:13-48
53            android:launchMode="singleTask"
53-->[:unityLibrary] AndroidManifest.xml:42:13-44
54            android:resizeableActivity="false"
54-->[:unityLibrary] AndroidManifest.xml:43:13-47
55            android:screenOrientation="landscape"
55-->[:unityLibrary] AndroidManifest.xml:44:13-50
56            android:theme="@android:style/Theme.Black.NoTitleBar.Fullscreen" >
56-->[:unityLibrary] AndroidManifest.xml:45:13-77
57            <intent-filter>
57-->[:unityLibrary] AndroidManifest.xml:46:13-52:29
58                <category android:name="android.intent.category.LAUNCHER" />
58-->[:unityLibrary] AndroidManifest.xml:47:17-77
58-->[:unityLibrary] AndroidManifest.xml:47:27-74
59
60                <action android:name="android.intent.action.MAIN" />
60-->[:unityLibrary] AndroidManifest.xml:49:17-69
60-->[:unityLibrary] AndroidManifest.xml:49:25-66
61
62                <category android:name="com.oculus.intent.category.VR" />
62-->[:unityLibrary] AndroidManifest.xml:51:17-74
62-->[:unityLibrary] AndroidManifest.xml:51:27-71
63            </intent-filter>
64
65            <meta-data
65-->[:unityLibrary] AndroidManifest.xml:54:13-56:40
66                android:name="unityplayer.UnityActivity"
66-->[:unityLibrary] AndroidManifest.xml:55:17-57
67                android:value="true" />
67-->[:unityLibrary] AndroidManifest.xml:56:17-37
68            <meta-data
68-->[:unityLibrary] AndroidManifest.xml:57:13-59:40
69                android:name="notch_support"
69-->[:unityLibrary] AndroidManifest.xml:58:17-45
70                android:value="true" />
70-->[:unityLibrary] AndroidManifest.xml:59:17-37
71            <meta-data
71-->[:unityLibrary] AndroidManifest.xml:60:13-62:40
72                android:name="com.oculus.vr.focusaware"
72-->[:unityLibrary] AndroidManifest.xml:61:17-56
73                android:value="true" />
73-->[:unityLibrary] AndroidManifest.xml:62:17-37
74        </activity>
75
76        <meta-data
76-->[:unityLibrary] AndroidManifest.xml:65:9-67:39
77            android:name="com.samsung.android.vr.application.mode"
77-->[:unityLibrary] AndroidManifest.xml:66:13-67
78            android:value="vr_only" />
78-->[:unityLibrary] AndroidManifest.xml:67:13-36
79        <meta-data
79-->[:unityLibrary] AndroidManifest.xml:68:9-70:37
80            android:name="com.unity.xr.oculus.LowOverheadMode"
80-->[:unityLibrary] AndroidManifest.xml:69:13-63
81            android:value="false" />
81-->[:unityLibrary] AndroidManifest.xml:70:13-34
82        <meta-data
82-->[:unityLibrary] AndroidManifest.xml:71:9-73:37
83            android:name="com.unity.xr.oculus.LateLatching"
83-->[:unityLibrary] AndroidManifest.xml:72:13-60
84            android:value="false" />
84-->[:unityLibrary] AndroidManifest.xml:73:13-34
85        <meta-data
85-->[:unityLibrary] AndroidManifest.xml:74:9-76:37
86            android:name="com.unity.xr.oculus.LateLatchingDebug"
86-->[:unityLibrary] AndroidManifest.xml:75:13-65
87            android:value="false" />
87-->[:unityLibrary] AndroidManifest.xml:76:13-34
88        <meta-data
88-->[:unityLibrary] AndroidManifest.xml:77:9-79:38
89            android:name="com.oculus.supportedDevices"
89-->[:unityLibrary] AndroidManifest.xml:78:13-55
90            android:value="quest2" />
90-->[:unityLibrary] AndroidManifest.xml:79:13-35
91    </application>
92
93</manifest>